<?xml version="1.0" encoding="UTF-8"?>
<testsuite name="com.tacplatform.ztac.bls12.Groth16Test" tests="1" skipped="0" failures="0" errors="0" timestamp="2021-06-16T17:12:36" hostname="crypto-cooperative.com" time="0.036">
  <properties/>
  <testcase name="test" classname="com.tacplatform.ztac.bls12.Groth16Test" time="0.036"/>
  <system-out><![CDATA[]]></system-out>
  <system-err><![CDATA[]]></system-err>
</testsuite>
